0 info it worked if it ends with ok
1 verbose cli [ '/usr/bin/nodejs', '/usr/bin/npm', 'run', 'start' ]
2 info using npm@3.5.2
3 info using node@v4.2.6
4 verbose stack Error: Failed to parse json
4 verbose stack Unexpected token 'g' at 25:6
4 verbose stack     "google-closure-compiler-js": "^20161201.0.0",
4 verbose stack      ^
4 verbose stack     at parseError (/usr/share/npm/node_modules/read-package-json/read-json.js:379:11)
4 verbose stack     at parseJson (/usr/share/npm/node_modules/read-package-json/read-json.js:68:23)
4 verbose stack     at /usr/share/npm/node_modules/read-package-json/read-json.js:48:5
4 verbose stack     at /usr/share/npm/node_modules/graceful-fs/graceful-fs.js:76:16
4 verbose stack     at FSReqWrap.readFileAfterClose [as oncomplete] (fs.js:380:3)
5 verbose cwd /home/gene/Scrivania/Work/G-Labs/Development/Repositories/github-genielabs/juice-mvc-js
6 error Linux 4.8.0-32-generic
7 error argv "/usr/bin/nodejs" "/usr/bin/npm" "run" "start"
8 error node v4.2.6
9 error npm  v3.5.2
10 error file /home/gene/Scrivania/Work/G-Labs/Development/Repositories/github-genielabs/juice-mvc-js/package.json
11 error code EJSONPARSE
12 error Failed to parse json
12 error Unexpected token 'g' at 25:6
12 error     "google-closure-compiler-js": "^20161201.0.0",
12 error      ^
13 error File: /home/gene/Scrivania/Work/G-Labs/Development/Repositories/github-genielabs/juice-mvc-js/package.json
14 error Failed to parse package.json data.
14 error package.json must be actual JSON, not just JavaScript.
14 error
14 error This is not a bug in npm.
14 error Tell the package author to fix their package.json file. JSON.parse
15 verbose exit [ 1, true ]
